<?xml version="1.0" encoding="UTF-8"?>
<!-- Generated by org.testng.reporters.JUnitXMLReporter -->
<testsuite ignored="0" hostname="DESKTOP-96FGK30" failures="0" tests="3" name="eBanking Login Page Test Cases(failed)" time="15.238" errors="0" timestamp="26 Jun 2021 22:14:42 GMT">
  <testcase classname="com.eBank.testCases.NewCustomerTest" name="addNewCustomer" time="1.364"/>
  <testcase classname="com.eBank.testCases.NewCustomerTest" name="addNewCustomer" time="1.256"/>
  <testcase classname="com.eBank.testCases.NewCustomerTest" name="addNewCustomer" time="1.29"/>
</testsuite> <!-- eBanking Login Page Test Cases(failed) -->
