<?xml version="1.0" encoding="UTF-8"?>
<!-- Generated by org.testng.reporters.JUnitXMLReporter -->
<testsuite hostname="DESKTOP-96FGK30" ignored="0" name="eBanking Login Page Test Cases" tests="4" failures="0" timestamp="27 Jun 2021 19:47:29 GMT" time="18.654" errors="0">
  <testcase name="loginTest" time="0.759" classname="com.eBank.testCases.LoginPageTest"/>
  <testcase name="addNewCustomer" time="1.435" classname="com.eBank.testCases.NewCustomerTest"/>
  <testcase name="addNewCustomer" time="1.45" classname="com.eBank.testCases.NewCustomerTest"/>
  <testcase name="addNewCustomer" time="1.349" classname="com.eBank.testCases.NewCustomerTest"/>
</testsuite> <!-- eBanking Login Page Test Cases -->
