<?xml version="1.0" encoding="UTF-8"?>
<testng-results ignored="0" total="3" passed="3" failed="0" skipped="0">
  <reporter-output>
  </reporter-output>
  <suite started-at="2021-06-26T22:14:26Z" name="Failed suite [eBanking Test Suite]" finished-at="2021-06-26T22:14:42Z" duration-ms="15238">
    <groups>
    </groups>
    <test started-at="2021-06-26T22:14:26Z" name="eBanking Login Page Test Cases(failed)" finished-at="2021-06-26T22:14:42Z" duration-ms="15238">
      <class name="com.eBank.testCases.NewCustomerTest">
        <test-method is-config="true" signature="setUp()[pri:0, instance:com.eBank.testCases.NewCustomerTest@6f63b475]" started-at="2021-06-26T22:14:28Z" name="setUp" finished-at="2021-06-26T22:14:31Z" duration-ms="3721" status="PASS">
          <reporter-output>
          </reporter-output>
        </test-method> <!-- setUp -->
        <test-method signature="addNewCustomer(java.lang.String, java.lang.String, java.lang.String, java.lang.String, java.lang.String, java.lang.String, java.lang.String, java.lang.String, java.lang.String)[pri:1, instance:com.eBank.testCases.NewCustomerTest@6f63b475]" started-at="2021-06-26T22:14:31Z" name="addNewCustomer" data-provider="getExcelValue" finished-at="2021-06-26T22:14:33Z" duration-ms="1364" status="PASS">
          <params>
            <param index="0">
              <value>
                <![CDATA[Jithin]]>
              </value>
            </param>
            <param index="1">
              <value>
                <![CDATA[001994-09-13]]>
              </value>
            </param>
            <param index="2">
              <value>
                <![CDATA[Panthalanickal (), kalayanthani]]>
              </value>
            </param>
            <param index="3">
              <value>
                <![CDATA[Thodupuzha]]>
              </value>
            </param>
            <param index="4">
              <value>
                <![CDATA[Kerala]]>
              </value>
            </param>
            <param index="5">
              <value>
                <![CDATA[685588.0]]>
              </value>
            </param>
            <param index="6">
              <value>
                <![CDATA[1.0]]>
              </value>
            </param>
            <param index="7">
              <value>
                <![CDATA[jithin1910@gmail.com]]>
              </value>
            </param>
            <param index="8">
              <value>
                <![CDATA[jithin1010]]>
              </value>
            </param>
          </params>
          <reporter-output>
          </reporter-output>
        </test-method> <!-- addNewCustomer -->
        <test-method is-config="true" signature="tearDown()[pri:0, instance:com.eBank.testCases.NewCustomerTest@6f63b475]" started-at="2021-06-26T22:14:33Z" name="tearDown" finished-at="2021-06-26T22:14:33Z" duration-ms="124" status="PASS">
          <reporter-output>
          </reporter-output>
        </test-method> <!-- tearDown -->
        <test-method is-config="true" signature="setUp()[pri:0, instance:com.eBank.testCases.NewCustomerTest@6f63b475]" started-at="2021-06-26T22:14:33Z" name="setUp" finished-at="2021-06-26T22:14:36Z" duration-ms="3043" status="PASS">
          <reporter-output>
          </reporter-output>
        </test-method> <!-- setUp -->
        <test-method signature="addNewCustomer(java.lang.String, java.lang.String, java.lang.String, java.lang.String, java.lang.String, java.lang.String, java.lang.String, java.lang.String, java.lang.String)[pri:1, instance:com.eBank.testCases.NewCustomerTest@6f63b475]" started-at="2021-06-26T22:14:36Z" name="addNewCustomer" data-provider="getExcelValue" finished-at="2021-06-26T22:14:37Z" duration-ms="1256" status="PASS">
          <params>
            <param index="0">
              <value>
                <![CDATA[Tony]]>
              </value>
            </param>
            <param index="1">
              <value>
                <![CDATA[001995-08-02]]>
              </value>
            </param>
            <param index="2">
              <value>
                <![CDATA[Kariamadathil]]>
              </value>
            </param>
            <param index="3">
              <value>
                <![CDATA[Thodupuzha]]>
              </value>
            </param>
            <param index="4">
              <value>
                <![CDATA[Kerala]]>
              </value>
            </param>
            <param index="5">
              <value>
                <![CDATA[685588.0]]>
              </value>
            </param>
            <param index="6">
              <value>
                <![CDATA[9.400057394E9]]>
              </value>
            </param>
            <param index="7">
              <value>
                <![CDATA[tony@gmail.com]]>
              </value>
            </param>
            <param index="8">
              <value>
                <![CDATA[tony00]]>
              </value>
            </param>
          </params>
          <reporter-output>
          </reporter-output>
        </test-method> <!-- addNewCustomer -->
        <test-method is-config="true" signature="tearDown()[pri:0, instance:com.eBank.testCases.NewCustomerTest@6f63b475]" started-at="2021-06-26T22:14:37Z" name="tearDown" finished-at="2021-06-26T22:14:37Z" duration-ms="109" status="PASS">
          <reporter-output>
          </reporter-output>
        </test-method> <!-- tearDown -->
        <test-method is-config="true" signature="setUp()[pri:0, instance:com.eBank.testCases.NewCustomerTest@6f63b475]" started-at="2021-06-26T22:14:37Z" name="setUp" finished-at="2021-06-26T22:14:40Z" duration-ms="2973" status="PASS">
          <reporter-output>
          </reporter-output>
        </test-method> <!-- setUp -->
        <test-method signature="addNewCustomer(java.lang.String, java.lang.String, java.lang.String, java.lang.String, java.lang.String, java.lang.String, java.lang.String, java.lang.String, java.lang.String)[pri:1, instance:com.eBank.testCases.NewCustomerTest@6f63b475]" started-at="2021-06-26T22:14:40Z" name="addNewCustomer" data-provider="getExcelValue" finished-at="2021-06-26T22:14:42Z" duration-ms="1290" status="PASS">
          <params>
            <param index="0">
              <value>
                <![CDATA[kevin]]>
              </value>
            </param>
            <param index="1">
              <value>
                <![CDATA[001995-08-19]]>
              </value>
            </param>
            <param index="2">
              <value>
                <![CDATA[Manisseriyil]]>
              </value>
            </param>
            <param index="3">
              <value>
                <![CDATA[Alakodu]]>
              </value>
            </param>
            <param index="4">
              <value>
                <![CDATA[Kerala]]>
              </value>
            </param>
            <param index="5">
              <value>
                <![CDATA[685587.0]]>
              </value>
            </param>
            <param index="6">
              <value>
                <![CDATA[123.0]]>
              </value>
            </param>
            <param index="7">
              <value>
                <![CDATA[kevin@gmail.com]]>
              </value>
            </param>
            <param index="8">
              <value>
                <![CDATA[kevin00]]>
              </value>
            </param>
          </params>
          <reporter-output>
          </reporter-output>
        </test-method> <!-- addNewCustomer -->
        <test-method is-config="true" signature="tearDown()[pri:0, instance:com.eBank.testCases.NewCustomerTest@6f63b475]" started-at="2021-06-26T22:14:42Z" name="tearDown" finished-at="2021-06-26T22:14:42Z" duration-ms="101" status="PASS">
          <reporter-output>
          </reporter-output>
        </test-method> <!-- tearDown -->
      </class> <!-- com.eBank.testCases.NewCustomerTest -->
    </test> <!-- eBanking Login Page Test Cases(failed) -->
  </suite> <!-- Failed suite [eBanking Test Suite] -->
</testng-results>
