<?xml version="1.0" encoding="UTF-8"?>
<!-- Generated by org.testng.reporters.JUnitXMLReporter -->
<testsuite ignored="0" hostname="DESKTOP-96FGK30" failures="0" tests="4" name="eBanking Login Page Test Cases" time="18.183" errors="0" timestamp="26 Jun 2021 22:03:33 GMT">
  <testcase classname="com.eBank.testCases.LoginPageTest" name="loginTest" time="0.805"/>
  <testcase classname="com.eBank.testCases.NewCustomerTest" name="addNewCustomer" time="1.284"/>
  <testcase classname="com.eBank.testCases.NewCustomerTest" name="addNewCustomer" time="1.228"/>
  <testcase classname="com.eBank.testCases.NewCustomerTest" name="addNewCustomer" time="1.269"/>
</testsuite> <!-- eBanking Login Page Test Cases -->
